max_heart_reader/build/app/intermediates/manifest_merge_blame_file/debug/manifest-merger-blame-debug-report.txt
1<?xml version="1.0" encoding="utf-8"?>
2<manifest xmlns:android="http://schemas.android.com/apk/res/android"
3    package="flutter_blue_plus.trilogy_technologies_max_heart_reader"
4    android:versionCode="1"
5    android:versionName="1.0.0" >
6
7    <uses-sdk
8        android:minSdkVersion="21"
9        android:targetSdkVersion="31" />
10    <!--
11         Flutter needs it to communicate with the running application
12         to allow setting breakpoints, to provide hot reload, etc.
13    -->
14    <uses-permission android:name="android.permission.INTERNET" />
14-->src/main/AndroidManifest.xml:9:5-66
14-->src/main/AndroidManifest.xml:9:22-64
15    <!-- Bluetooth Permissions -->
16    <uses-permission
16-->src/main/AndroidManifest.xml:12:5-68
17        android:name="android.permission.BLUETOOTH"
17-->src/main/AndroidManifest.xml:12:22-65
18        android:maxSdkVersion="30" />
18-->[:flutter_blue_plus] AndroidManifest.xml:25:9-35
19    <uses-permission
19-->src/main/AndroidManifest.xml:13:5-74
20        android:name="android.permission.BLUETOOTH_ADMIN"
20-->src/main/AndroidManifest.xml:13:22-71
21        android:maxSdkVersion="30" />
21-->[:flutter_blue_plus] AndroidManifest.xml:28:9-35
22    <uses-permission android:name="android.permission.BLUETOOTH_CONNECT" />
22-->src/main/AndroidManifest.xml:14:5-76
22-->src/main/AndroidManifest.xml:14:22-73
23    <uses-permission
23-->src/main/AndroidManifest.xml:15:5-73
24        android:name="android.permission.BLUETOOTH_SCAN"
24-->src/main/AndroidManifest.xml:15:22-70
25        android:usesPermissionFlags="neverForLocation" />
25-->[:flutter_blue_plus] AndroidManifest.xml:19:9-55
26    <uses-permission android:name="android.permission.BLUETOOTH_ADVERTISE" /> <!-- Location Permissions -->
26-->src/main/AndroidManifest.xml:16:5-78
26-->src/main/AndroidManifest.xml:16:22-75
27    <uses-permission android:name="android.permission.ACCESS_COARSE_LOCATION" />
27-->src/main/AndroidManifest.xml:19:5-81
27-->src/main/AndroidManifest.xml:19:22-78
28    <uses-permission android:name="android.permission.ACCESS_FINE_LOCATION" />
28-->src/main/AndroidManifest.xml:20:5-79
28-->src/main/AndroidManifest.xml:20:22-76
29    <uses-permission android:name="android.permission.ACCESS_BACKGROUND_LOCATION" /> <!-- Ignore battery optimizations -->
29-->src/main/AndroidManifest.xml:21:5-84
29-->src/main/AndroidManifest.xml:21:22-82
30    <uses-permission android:name="android.permission.REQUEST_IGNORE_BATTERY_OPTIMIZATIONS" /> <!-- Foreground Service Permissions -->
30-->src/main/AndroidManifest.xml:25:5-95
30-->src/main/AndroidManifest.xml:25:22-92
31    <uses-permission android:name="android.permission.FOREGROUND_SERVICE" />
31-->src/main/AndroidManifest.xml:28:5-77
31-->src/main/AndroidManifest.xml:28:22-74
32    <uses-permission android:name="android.permission.WAKE_LOCK" />
32-->src/main/AndroidManifest.xml:29:5-68
32-->src/main/AndroidManifest.xml:29:22-65
33    <uses-permission android:name="android.permission.SYSTEM_ALERT_WINDOW" />
33-->src/main/AndroidManifest.xml:30:5-78
33-->src/main/AndroidManifest.xml:30:22-75
34    <uses-permission android:name="android.permission.RECEIVE_BOOT_COMPLETED" />
34-->src/main/AndroidManifest.xml:31:5-81
34-->src/main/AndroidManifest.xml:31:22-78
35    <uses-permission android:name="android.permission.VIBRATE" />
35-->[:flutter_local_notifications] AndroidManifest.xml:10:5-66
35-->[:flutter_local_notifications] AndroidManifest.xml:10:22-63
36    <uses-permission android:name="android.permission.USE_FULL_SCREEN_INTENT" />
36-->[:flutter_local_notifications] AndroidManifest.xml:11:5-81
36-->[:flutter_local_notifications] AndroidManifest.xml:11:22-78
37    <uses-permission android:name="android.permission.SCHEDULE_EXACT_ALARM" />
37-->[:flutter_local_notifications] AndroidManifest.xml:12:5-79
37-->[:flutter_local_notifications] AndroidManifest.xml:12:22-76
38    <uses-permission android:name="android.permission.POST_NOTIFICATIONS" />
38-->[:flutter_local_notifications] AndroidManifest.xml:13:5-77
38-->[:flutter_local_notifications] AndroidManifest.xml:13:22-74
39
40    <application
41        android:name="android.app.Application"
42        android:appComponentFactory="androidx.core.app.CoreComponentFactory"
42-->[androidx.core:core:1.6.0] AndroidManifest.xml:24:18-86
43        android:debuggable="true"
44        android:icon="@mipmap/ic_launcher"
45        android:label="MaxHeartReader" >
46
47        <!-- Foreground Service Permissions -->
48        <service android:name="com.pravera.flutter_foreground_task.service.ForegroundService" />
49
50        <activity
51            android:name="com.boskokg.flutter_blue_plus_example.MainActivity"
52            android:configChanges="orientation|keyboardHidden|keyboard|screenSize|smallestScreenSize|locale|layoutDirection|fontScale|screenLayout|density|uiMode"
53            android:exported="true"
54            android:hardwareAccelerated="true"
55            android:launchMode="singleTop"
56            android:theme="@style/LaunchTheme"
57            android:windowSoftInputMode="adjustResize" >
58
59            <!--
60                 Specifies an Android theme to apply to this Activity as soon as
61                 the Android process has started. This theme is visible to the user
62                 while the Flutter UI initializes. After that, this theme continues
63                 to determine the Window background behind the Flutter UI.
64            -->
65            <meta-data
66                android:name="io.flutter.embedding.android.NormalTheme"
67                android:resource="@style/NormalTheme" />
68
69            <intent-filter>
70                <action android:name="android.intent.action.MAIN" />
71
72                <category android:name="android.intent.category.LAUNCHER" />
73            </intent-filter>
74        </activity>
75        <!--
76             Don't delete the meta-data below.
77             This is used by the Flutter tool to generate GeneratedPluginRegistrant.java
78        -->
79        <meta-data
80            android:name="flutterEmbedding"
81            android:value="2" />
82
83        <receiver
83-->[:flutter_local_notifications] AndroidManifest.xml:16:9-18:40
84            android:name="com.dexterous.flutterlocalnotifications.ActionBroadcastReceiver"
84-->[:flutter_local_notifications] AndroidManifest.xml:17:13-91
85            android:exported="false" />
85-->[:flutter_local_notifications] AndroidManifest.xml:18:13-37
86        <receiver
86-->[:flutter_local_notifications] AndroidManifest.xml:19:9-21:40
87            android:name="com.dexterous.flutterlocalnotifications.ScheduledNotificationReceiver"
87-->[:flutter_local_notifications] AndroidManifest.xml:20:13-97
88            android:exported="false" />
88-->[:flutter_local_notifications] AndroidManifest.xml:21:13-37
89        <receiver
89-->[:flutter_local_notifications] AndroidManifest.xml:22:9-31:20
90            android:name="com.dexterous.flutterlocalnotifications.ScheduledNotificationBootReceiver"
90-->[:flutter_local_notifications] AndroidManifest.xml:23:13-101
91            android:exported="false" >
91-->[:flutter_local_notifications] AndroidManifest.xml:24:13-37
92            <intent-filter>
92-->[:flutter_local_notifications] AndroidManifest.xml:25:13-30:29
93                <action android:name="android.intent.action.BOOT_COMPLETED" />
93-->[:flutter_local_notifications] AndroidManifest.xml:26:17-79
93-->[:flutter_local_notifications] AndroidManifest.xml:26:25-76
94                <action android:name="android.intent.action.MY_PACKAGE_REPLACED" />
94-->[:flutter_local_notifications] AndroidManifest.xml:27:17-84
94-->[:flutter_local_notifications] AndroidManifest.xml:27:25-81
95                <action android:name="android.intent.action.QUICKBOOT_POWERON" />
95-->[:flutter_local_notifications] AndroidManifest.xml:28:17-82
95-->[:flutter_local_notifications] AndroidManifest.xml:28:25-79
96                <action android:name="com.htc.intent.action.QUICKBOOT_POWERON" />
96-->[:flutter_local_notifications] AndroidManifest.xml:29:17-82
96-->[:flutter_local_notifications] AndroidManifest.xml:29:25-79
97            </intent-filter>
98        </receiver>
99
100        <activity
100-->[:url_launcher_android] AndroidManifest.xml:10:9-13:74
101            android:name="io.flutter.plugins.urllauncher.WebViewActivity"
101-->[:url_launcher_android] AndroidManifest.xml:11:13-74
102            android:exported="false"
102-->[:url_launcher_android] AndroidManifest.xml:12:13-37
103            android:theme="@android:style/Theme.NoTitleBar.Fullscreen" />
103-->[:url_launcher_android] AndroidManifest.xml:13:13-71
104
105        <service
105-->[:flutter_background_service_android] AndroidManifest.xml:14:9-18:44
106            android:name="id.flutter.flutter_background_service.BackgroundService"
106-->[:flutter_background_service_android] AndroidManifest.xml:15:13-83
107            android:enabled="true"
107-->[:flutter_background_service_android] AndroidManifest.xml:16:13-35
108            android:exported="true"
108-->[:flutter_background_service_android] AndroidManifest.xml:17:13-36
109            android:stopWithTask="false" />
109-->[:flutter_background_service_android] AndroidManifest.xml:18:13-41
110
111        <receiver
111-->[:flutter_background_service_android] AndroidManifest.xml:20:9-23:39
112            android:name="id.flutter.flutter_background_service.WatchdogReceiver"
112-->[:flutter_background_service_android] AndroidManifest.xml:21:13-82
113            android:enabled="true"
113-->[:flutter_background_service_android] AndroidManifest.xml:22:13-35
114            android:exported="true" />
114-->[:flutter_background_service_android] AndroidManifest.xml:23:13-36
115        <receiver
115-->[:flutter_background_service_android] AndroidManifest.xml:24:9-32:20
116            android:name="id.flutter.flutter_background_service.BootReceiver"
116-->[:flutter_background_service_android] AndroidManifest.xml:25:13-78
117            android:enabled="true"
117-->[:flutter_background_service_android] AndroidManifest.xml:26:13-35
118            android:exported="true" >
118-->[:flutter_background_service_android] AndroidManifest.xml:27:13-36
119            <intent-filter>
119-->[:flutter_background_service_android] AndroidManifest.xml:28:13-31:29
120                <action android:name="android.intent.action.BOOT_COMPLETED" />
120-->[:flutter_local_notifications] AndroidManifest.xml:26:17-79
120-->[:flutter_local_notifications] AndroidManifest.xml:26:25-76
121                <action android:name="android.intent.action.QUICKBOOT_POWERON" />
121-->[:flutter_local_notifications] AndroidManifest.xml:28:17-82
121-->[:flutter_local_notifications] AndroidManifest.xml:28:25-79
122            </intent-filter>
123        </receiver>
124
125        <uses-library
125-->[androidx.window:window:1.0.0-beta04] AndroidManifest.xml:25:9-27:40
126            android:name="androidx.window.extensions"
126-->[androidx.window:window:1.0.0-beta04] AndroidManifest.xml:26:13-54
127            android:required="false" />
127-->[androidx.window:window:1.0.0-beta04] AndroidManifest.xml:27:13-37
128        <uses-library
128-->[androidx.window:window:1.0.0-beta04] AndroidManifest.xml:28:9-30:40
129            android:name="androidx.window.sidecar"
129-->[androidx.window:window:1.0.0-beta04] AndroidManifest.xml:29:13-51
130            android:required="false" />
130-->[androidx.window:window:1.0.0-beta04] AndroidManifest.xml:30:13-37
131    </application>
132
133</manifest>